<?xml version="1.0" encoding="UTF-8"?>
<!-- Generated by org.testng.reporters.JUnitReportReporter -->
<testsuite hostname="Vikram-PC" failures="0" tests="4" name="Runners.RunIT" time="334.005" errors="0" timestamp="2022-12-28T11:30:45 IST" skipped="0">
  <testcase classname="Runners.RunIT" name="runScenario" time="89.152"/>
  <system-out/>
  <testcase classname="Runners.RunIT" name="runScenario" time="87.121"/>
  <system-out/>
  <testcase classname="Runners.RunIT" name="runScenario" time="73.577"/>
  <system-out/>
  <testcase classname="Runners.RunIT" name="runScenario" time="84.155"/>
  <system-out/>
</testsuite> <!-- Runners.RunIT -->
