<?xml version="1.0" encoding="UTF-8"?>
<!-- Generated by org.testng.reporters.JUnitReportReporter -->
<testsuite hostname="Vikram-PC" failures="0" tests="1" name="Runners.RunIT" time="33.693" errors="0" timestamp="2022-12-21T22:25:41 IST" skipped="0">
  <testcase classname="Runners.RunIT" name="runScenario" time="33.693"/>
  <system-out/>
</testsuite> <!-- Runners.RunIT -->
