<?xml version="1.0" encoding="UTF-8"?>
<!-- Generated by org.testng.reporters.JUnitReportReporter -->
<testsuite hostname="Vikram-PC" failures="0" tests="4" name="Runners.RunIT" time="171.021" errors="0" timestamp="2022-12-25T19:23:41 IST" skipped="0">
  <testcase classname="Runners.RunIT" name="runScenario" time="37.199"/>
  <system-out/>
  <testcase classname="Runners.RunIT" name="runScenario" time="48.231"/>
  <system-out/>
  <testcase classname="Runners.RunIT" name="runScenario" time="36.070"/>
  <system-out/>
  <testcase classname="Runners.RunIT" name="runScenario" time="49.521"/>
  <system-out/>
</testsuite> <!-- Runners.RunIT -->
