<?xml version="1.0" encoding="UTF-8"?>
<!-- Generated by org.testng.reporters.JUnitReportReporter -->
<testsuite hostname="Vikram-PC" failures="0" tests="3" name="Runners.RunIT" time="106.599" errors="0" timestamp="2022-12-25T18:15:32 IST" skipped="0">
  <testcase classname="Runners.RunIT" name="runScenario" time="34.928"/>
  <system-out/>
  <testcase classname="Runners.RunIT" name="runScenario" time="34.837"/>
  <system-out/>
  <testcase classname="Runners.RunIT" name="runScenario" time="36.834"/>
  <system-out/>
</testsuite> <!-- Runners.RunIT -->
